2025-05-28 11:36:56,658 - INFO - === FileMoverApp Started ===
2025-05-28 11:36:58,287 - INFO - Processing file: 333240D001250100068059_20250203150907_WN.csv
2025-05-28 11:36:58,289 - INFO - Processing file: 333240D001250100193856_20250203151211_OK.csv
2025-05-28 11:36:58,294 - INFO - Processing file: 333240D001250100389867_20250203150923_WN.csv
2025-05-28 11:36:58,299 - INFO - Processing file: 333240D001250100483376_20250203151222_OK.csv
2025-05-28 11:36:58,307 - INFO - Processing file: 333240D001250101438071_20250203150910_OK.csv
2025-05-28 11:36:58,311 - ERROR - Failed to move 333240D001250101438071_20250203150910_OK.csv: [WinError 32] The process cannot access the file because it is being used by another process: 'D:/F.Forvia/P.Programming/CkdMove/Source\\333240D001250101438071_20250203150910_OK.csv'
2025-05-28 11:36:58,316 - INFO - Processing file: 333240D001250102192578_20250203151221_OK.csv
2025-05-28 11:36:58,326 - INFO - Processing file: 333240D001250103124838_20250203151152_OK.csv
2025-05-28 11:36:58,336 - INFO - Processing file: 333240D001250103708196_20250203151214_Judge.csv
2025-05-28 11:36:58,349 - INFO - Processing file: 333240D001250104224166_20250203150919_OK.csv
2025-05-28 11:36:58,360 - INFO - Processing file: 333240D001250104736249_20250203150925_OK.csv
2025-05-28 11:36:58,376 - INFO - Processing file: 333240D001250105565309_20250203151204_OK.csv
2025-05-28 11:36:58,395 - INFO - Processing file: 333240D001250106112473_20250203150908_OK.csv
2025-05-28 11:36:58,409 - INFO - Processing file: 333240D001250107327633_20250203151220_OK.csv
2025-05-28 11:36:58,423 - INFO - Processing file: 333240D001250107825982_20250203151223_WN.csv
2025-05-28 11:36:58,437 - INFO - Processing file: 333240D001250107927685_20250203151156_NG.csv
2025-05-28 11:36:58,450 - INFO - Processing file: 333240D001250108501823_20250203151150_OK.csv
2025-05-28 11:36:58,463 - INFO - Processing file: 333240D001250109734887_20250203151156_Judge.csv
2025-05-28 11:36:58,476 - INFO - Processing file: 333240D001250109816679_20250204102204_OK.csv
2025-05-28 11:36:58,490 - INFO - Processing file: 333240D001250110187296_20250203151200_OK.csv
2025-05-28 11:36:58,503 - INFO - Processing file: 333240D001250110953290_20250203151221_OK.csv
2025-05-28 11:36:58,520 - INFO - Processing file: 333240D001250111196725_20250203151206_OK.csv
2025-05-28 11:36:58,533 - INFO - Processing file: 333240D001250111217939_20250203151200_OK.csv
2025-05-28 11:36:58,545 - INFO - Processing file: 333240D001250112213339_20250203150919_OK.csv
2025-05-28 11:36:58,558 - INFO - Processing file: 333240D001250117337789_20250203151150_OK.csv
2025-05-28 11:36:58,571 - INFO - Processing file: 333240D001250118509046_20250203151152_OK.csv
2025-05-28 11:36:58,585 - INFO - Processing file: 333240D001250119513374_20250203151203_OK.csv
2025-05-28 11:36:58,597 - INFO - Processing file: 333240D001250119950014_20250204105653_OK.csv
2025-05-28 11:36:58,612 - INFO - Processing file: 333240D001250122090398_20250203150925_OK.csv
2025-05-28 11:36:58,628 - INFO - Processing file: 333240D001250122145888_20250203151158_OK.csv
2025-05-28 11:36:58,642 - INFO - Processing file: 333240D001250122820393_20250203151220_OK.csv
2025-05-28 11:36:58,655 - INFO - Processing file: 333240D001250124157141_20250203150923_OK.csv
2025-05-28 11:36:58,668 - INFO - Processing file: 333240D001250124243624_20250203151149_OK.csv
2025-05-28 11:36:58,680 - INFO - Processing file: 333240D001250125149321_20250203150917_OK.csv
2025-05-28 11:36:58,692 - INFO - Processing file: 333240D001250125234286_20250204105652_WN.csv
2025-05-28 11:36:58,706 - INFO - Processing file: 333240D001250125241997_20250203150909_OK.csv
2025-05-28 11:36:58,722 - INFO - Processing file: 333240D001250126170494_20250203150908_OK.csv
2025-05-28 11:36:58,736 - INFO - Processing file: 333240D001250127126826_20250203150922_OK.csv
2025-05-28 11:36:58,748 - INFO - Processing file: 333240D001250127706267_20250203151206_OK.csv
2025-05-28 11:36:58,760 - INFO - Processing file: 333240D001250128078953_20250204082539_OK.csv
2025-05-28 11:36:58,775 - INFO - Processing file: 333240D001250128469515_20250203151224_WN.csv
2025-05-28 11:36:58,790 - INFO - Processing file: 333240D001250128934389_20250203150916_OK.csv
2025-05-28 11:36:58,805 - INFO - Processing file: 333240D001250129917837_20250203150908_OK.csv
2025-05-28 11:36:58,818 - INFO - Processing file: 333240D001250129975163_20250203151158_OK.csv
2025-05-28 11:36:58,831 - INFO - Processing file: 333240D001250130712433_20250203150923_WN.csv
2025-05-28 11:36:58,846 - INFO - Processing file: 333240D001250130772402_20250203150914_OK.csv
2025-05-28 11:36:58,861 - INFO - Processing file: 333240D001250132676418_20250203150918_OK.csv
2025-05-28 11:36:58,878 - INFO - Processing file: 333240D001250132755892_20250203150924_Judge.csv
2025-05-28 11:36:58,894 - INFO - Processing file: 333240D001250133466367_20250203150915_OK.csv
2025-05-28 11:36:58,947 - INFO - Processing file: 333240D001250134546792_20250203151158_OK.csv
2025-05-28 11:36:58,961 - INFO - Processing file: 333240D001250134842484_20250203150925_WN.csv
2025-05-28 11:36:58,974 - INFO - Processing file: 333240D001250135393777_20250203151201_OK.csv
2025-05-28 11:36:58,989 - INFO - Processing file: 333240D001250135953210_20250203151209_OK.csv
2025-05-28 11:36:58,991 - INFO - Processing file: 333240D001250139616388_20250204082538_WN.csv
2025-05-28 11:36:59,003 - INFO - Processing file: 333240D001250139989815_20250203151210_WN.csv
2025-05-28 11:36:59,015 - INFO - Processing file: 333240D001250141519212_20250203151203_Judge.csv
2025-05-28 11:36:59,028 - INFO - Processing file: 333240D001250141805166_20250204105653_OK.csv
2025-05-28 11:36:59,041 - INFO - Processing file: 333240D001250144000325_20250203150925_OK.csv
2025-05-28 11:36:59,056 - INFO - Processing file: 333240D001250144337471_20250203151200_OK.csv
2025-05-28 11:36:59,069 - INFO - Processing file: 333240D001250144535984_20250203151209_OK.csv
2025-05-28 11:36:59,082 - INFO - Processing file: 333240D001250145634844_20250203150911_OK.csv
2025-05-28 11:36:59,095 - INFO - Processing file: 333240D001250145696698_20250203150912_OK.csv
2025-05-28 11:36:59,108 - INFO - Processing file: 333240D001250146072227_20250203150922_OK.csv
2025-05-28 11:36:59,121 - INFO - Processing file: 333240D001250146707947_20250203151202_OK.csv
2025-05-28 11:36:59,134 - INFO - Processing file: 333240D001250146805548_20250203150909_Judge.csv
2025-05-28 11:36:59,148 - INFO - Processing file: 333240D001250147053922_20250203151147_OK.csv
2025-05-28 11:36:59,163 - INFO - Processing file: 333240D001250147153693_20250203151227_OK.csv
2025-05-28 11:36:59,179 - INFO - Processing file: 333240D001250147157163_20250203150915_OK.csv
2025-05-28 11:36:59,193 - INFO - Processing file: 333240D001250148035879_20250203150907_OK.csv
2025-05-28 11:36:59,208 - INFO - Processing file: 333240D001250148106235_20250203150910_OK.csv
2025-05-28 11:36:59,222 - INFO - Processing file: 333240D001250150353605_20250203151226_OK.csv
2025-05-28 11:36:59,239 - INFO - Processing file: 333240D001250150407843_20250203151153_OK.csv
2025-05-28 11:36:59,252 - INFO - Processing file: 333240D001250150464077_20250203151201_OK.csv
2025-05-28 11:36:59,265 - INFO - Processing file: 333240D001250150484703_20250203150917_WN.csv
2025-05-28 11:36:59,278 - INFO - Processing file: 333240D001250151473627_20250203150921_OK.csv
2025-05-28 11:36:59,290 - INFO - Processing file: 333240D001250151993074_20250203150914_OK.csv
2025-05-28 11:36:59,305 - INFO - Processing file: 333240D001250152413441_20250203150923_WN.csv
2025-05-28 11:36:59,319 - INFO - Processing file: 333240D001250153002107_20250203151207_WN.csv
2025-05-28 11:36:59,337 - INFO - Processing file: 333240D001250153290078_20250203150912_OK.csv
2025-05-28 11:36:59,365 - INFO - Processing file: 333240D001250153314239_20250203150918_OK.csv
2025-05-28 11:36:59,371 - INFO - Processing file: 333240D001250154140176_20250203150925_WN.csv
2025-05-28 11:36:59,394 - INFO - Processing file: 333240D001250155725709_20250203150927_Judge.csv
2025-05-28 11:36:59,465 - INFO - Processing file: 333240D001250157058342_20250203151222_WN.csv
2025-05-28 11:36:59,474 - INFO - Processing file: 333240D001250157186542_20250203150912_OK.csv
2025-05-28 11:36:59,519 - INFO - Processing file: 333240D001250157345081_20250203150913_OK.csv
2025-05-28 11:36:59,524 - INFO - Processing file: 333240D001250158989718_20250203150920_OK.csv
2025-05-28 11:36:59,560 - INFO - Processing file: 333240D001250159460495_20250203151210_OK.csv
2025-05-28 11:36:59,581 - INFO - Processing file: 333240D001250161604550_20250203151204_OK.csv
2025-05-28 11:36:59,603 - INFO - Processing file: 333240D001250161721426_20250203151216_NG.csv
2025-05-28 11:36:59,625 - INFO - Processing file: 333240D001250165965076_20250203150918_OK.csv
2025-05-28 11:36:59,650 - INFO - Processing file: 333240D001250167910849_20250203150919_OK.csv
2025-05-28 11:36:59,673 - INFO - Processing file: 333240D001250168286256_20250203150918_OK.csv
2025-05-28 11:36:59,694 - INFO - Processing file: 333240D001250168390848_20250203150910_OK.csv
2025-05-28 11:36:59,715 - INFO - Processing file: 333240D001250169461608_20250204105652_OK.csv
2025-05-28 11:36:59,737 - INFO - Processing file: 333240D001250169636309_20250203151147_NG.csv
2025-05-28 11:36:59,759 - INFO - Processing file: 333240D001250170370557_20250203150912_OK.csv
2025-05-28 11:36:59,807 - INFO - Processing file: 333240D001250171430526_20250203150917_OK.csv
2025-05-28 11:36:59,812 - INFO - Processing file: 333240D001250171497960_20250203150919_OK.csv
2025-05-28 11:36:59,838 - INFO - Processing file: 333240D001250171868511_20250203150907_OK.csv
2025-05-28 11:36:59,942 - INFO - Processing file: 333240D001250173691455_20250203151218_OK.csv
2025-05-28 11:36:59,945 - INFO - Processing file: 333240D001250173879110_20250203151154_OK.csv
2025-05-28 11:36:59,977 - INFO - Processing file: 333240D001250174757741_20250203150911_OK.csv
2025-05-28 11:36:59,999 - INFO - Processing file: 333240D001250175483229_20250203150918_OK.csv
2025-05-28 11:37:00,041 - INFO - Processing file: 333240D001250175709358_20250203151221_NG.csv
2025-05-28 11:37:00,144 - INFO - Processing file: 333240D001250175819761_20250203151204_OK.csv
2025-05-28 11:37:00,186 - INFO - Processing file: 333240D001250176581551_20250203151219_OK.csv
2025-05-28 11:37:00,227 - INFO - Processing file: 333240D001250177048022_20250203151212_WN.csv
2025-05-28 11:37:00,265 - INFO - Processing file: 333240D001250177288321_20250203151225_OK.csv
2025-05-28 11:37:00,289 - INFO - Processing file: 333240D001250177594722_20250203151155_OK.csv
2025-05-28 11:37:00,311 - INFO - Processing file: 333240D001250178963861_20250203150921_Judge.csv
2025-05-28 11:37:00,342 - INFO - Processing file: 333240D001250179261784_20250204105652_NG.csv
2025-05-28 11:37:00,365 - INFO - Processing file: 333240D001250180169591_20250203150912_OK.csv
2025-05-28 11:37:00,388 - INFO - Processing file: 333240D001250181495556_20250203151200_OK.csv
2025-05-28 11:37:00,419 - INFO - Processing file: 333240D001250182684661_20250203150917_WN.csv
2025-05-28 11:37:00,443 - INFO - Processing file: 333240D001250183771175_20250203151152_OK.csv
2025-05-28 11:37:00,476 - INFO - Processing file: 333240D001250185821829_20250203150918_OK.csv
2025-05-28 11:37:00,506 - INFO - Processing file: 333240D001250186008145_20250203151227_OK.csv
2025-05-28 11:37:00,526 - INFO - Processing file: 333240D001250186657596_20250203151200_OK.csv
2025-05-28 11:37:00,546 - INFO - Processing file: 333240D001250189964129_20250204105651_OK.csv
2025-05-28 11:37:00,565 - INFO - Processing file: 333240D001250191303635_20250203150924_Judge.csv
2025-05-28 11:37:00,594 - INFO - Processing file: 333240D001250191309002_20250203150919_WN.csv
2025-05-28 11:37:00,623 - INFO - Processing file: 333240D001250192150264_20250203150909_OK.csv
2025-05-28 11:37:00,642 - INFO - Processing file: 333240D001250193138039_20250203150921_OK.csv
2025-05-28 11:37:00,674 - INFO - Processing file: 333240D001250193642031_20250203151225_OK.csv
2025-05-28 11:37:00,717 - INFO - Processing file: 333240D001250195631223_20250203150910_OK.csv
2025-05-28 11:37:00,750 - INFO - Processing file: 333240D001250195957135_20250203151153_OK.csv
2025-05-28 11:37:00,785 - INFO - Processing file: 333240D001250196088724_20250203150914_OK.csv
2025-05-28 11:37:00,823 - INFO - Processing file: 333240D001250198474845_20250203151201_OK.csv
2025-05-28 11:37:00,859 - INFO - Processing file: 333240D001250200249521_20250203151208_OK.csv
2025-05-28 11:37:00,897 - INFO - Processing file: 333240D001250201695215_20250203150916_OK.csv
2025-05-28 11:37:00,934 - INFO - Processing file: 333240D001250202278601_20250203150912_OK.csv
2025-05-28 11:37:00,963 - INFO - Processing file: 333240D001250202434680_20250203150925_OK.csv
2025-05-28 11:37:00,989 - INFO - Processing file: 333240D001250203770375_20250203150914_OK.csv
2025-05-28 11:37:01,009 - INFO - Processing file: 333240D001250204922625_20250203151149_OK.csv
2025-05-28 11:37:01,028 - INFO - Processing file: 333240D001250205117847_20250203151218_OK.csv
2025-05-28 11:37:01,046 - INFO - Processing file: 333240D001250205499264_20250203150913_OK.csv
2025-05-28 11:37:01,070 - INFO - Processing file: 333240D001250208665495_20250204105652_OK.csv
2025-05-28 11:37:01,090 - INFO - Processing file: 333240D001250209176780_20250203150925_OK.csv
2025-05-28 11:37:01,110 - INFO - Processing file: 333240D001250210931075_20250203150922_OK.csv
2025-05-28 11:37:01,143 - INFO - Processing file: 333240D001250211030661_20250204105651_OK.csv
2025-05-28 11:37:01,174 - INFO - Processing file: 333240D001250211977057_20250203150912_NG.csv
2025-05-28 11:37:01,212 - INFO - Processing file: 333240D001250212122175_20250203151151_OK.csv
2025-05-28 11:37:01,245 - INFO - Processing file: 333240D001250212838111_20250204105626_OK.csv
2025-05-28 11:37:01,280 - INFO - Processing file: 333240D001250212854473_20250203151227_OK.csv
2025-05-28 11:37:01,300 - INFO - Processing file: 333240D001250213021368_20250203151205_OK.csv
2025-05-28 11:37:01,320 - INFO - Processing file: 333240D001250213094797_20250203150921_Judge.csv
2025-05-28 11:37:01,340 - INFO - Processing file: 333240D001250213594915_20250203150907_OK.csv
2025-05-28 11:37:01,364 - INFO - Processing file: 333240D001250215259439_20250203151211_OK.csv
2025-05-28 11:37:11,381 - INFO - Processing file: 333240D001250101438071_20250203150910_OK.csv
2025-05-28 11:37:11,384 - ERROR - Failed to move 333240D001250101438071_20250203150910_OK.csv: [WinError 32] The process cannot access the file because it is being used by another process: 'D:/F.Forvia/P.Programming/CkdMove/Source\\333240D001250101438071_20250203150910_OK.csv'
2025-05-28 11:37:21,404 - INFO - Processing file: 333240D001250101438071_20250203150910_OK.csv
2025-05-28 11:37:21,407 - ERROR - Failed to move 333240D001250101438071_20250203150910_OK.csv: [WinError 32] The process cannot access the file because it is being used by another process: 'D:/F.Forvia/P.Programming/CkdMove/Source\\333240D001250101438071_20250203150910_OK.csv'
2025-05-28 11:37:31,409 - INFO - Processing file: 333240D001250101438071_20250203150910_OK.csv
2025-05-28 11:37:31,412 - ERROR - Failed to move 333240D001250101438071_20250203150910_OK.csv: [WinError 32] The process cannot access the file because it is being used by another process: 'D:/F.Forvia/P.Programming/CkdMove/Source\\333240D001250101438071_20250203150910_OK.csv'
2025-05-28 11:37:41,430 - INFO - Processing file: 333240D001250101438071_20250203150910_OK.csv
2025-05-28 11:37:41,437 - ERROR - Failed to move 333240D001250101438071_20250203150910_OK.csv: [WinError 32] The process cannot access the file because it is being used by another process: 'D:/F.Forvia/P.Programming/CkdMove/Source\\333240D001250101438071_20250203150910_OK.csv'
2025-05-28 11:37:51,442 - INFO - Processing file: 333240D001250101438071_20250203150910_OK.csv
